  Chair.cpp
  CommandManager.cpp
  CompositeNode.cpp
  House.cpp
  Main.cpp
  Motor.cpp
  Observable.cpp
  Obstacle.cpp
  ObstacleDetectionCommand.cpp
  ObstaclesDetectionVisitorcpp.cpp
  Robot.cpp
  RobotProxy.cpp
  Room.cpp
  Sensor.cpp
  Sofa.cpp
  Table.cpp
  Tablet.cpp
x:\bureau\log2410 lab 4\tp4\codedepart\tablet.cpp(17): warning C4101: 'err' : variable locale non référencée
x:\bureau\log2410 lab 4\tp4\codedepart\tablet.cpp(23): warning C4101: 'err' : variable locale non référencée
x:\bureau\log2410 lab 4\tp4\codedepart\tablet.cpp(29): warning C4101: 'err' : variable locale non référencée
  Test_TP4.cpp
  TotalSurfaceCalculatorCommand.cpp
  TotalSurfaceToCleanVisitor.cpp
x:\bureau\log2410 lab 4\tp4\codedepart\totalsurfacetocleanvisitor.cpp(61): warning C4244: '-=' : conversion de 'long double' en 'float', perte possible de données
x:\bureau\log2410 lab 4\tp4\codedepart\totalsurfacetocleanvisitor.cpp(68): warning C4244: '-=' : conversion de 'long double' en 'float', perte possible de données
  Génération de code en cours...
  Compilation en cours...
  Vacuum.cpp
  Génération de code en cours...
  TP4.vcxproj -> X:\Bureau\LOG2410 LAB 4\TP4\MSVC2017Depart\TP4\x64\Debug\TP4.exe
