c:\users\sanya\documents\poly\a_ete_2019\log2410 - conception logiciele\tps\tp4 - patrons de conception\tp4\msvc2017depart\tp4\x64\debug\vc142.pdb
c:\users\sanya\documents\poly\a_ete_2019\log2410 - conception logiciele\tps\tp4 - patrons de conception\tp4\msvc2017depart\tp4\x64\debug\vc142.idb
c:\users\sanya\documents\poly\a_ete_2019\log2410 - conception logiciele\tps\tp4 - patrons de conception\tp4\msvc2017depart\tp4\x64\debug\totalsurfacetocleanvisitor.obj
c:\users\sanya\documents\poly\a_ete_2019\log2410 - conception logiciele\tps\tp4 - patrons de conception\tp4\msvc2017depart\tp4\x64\debug\totalsurfacecalculatorcommand.obj
c:\users\sanya\documents\poly\a_ete_2019\log2410 - conception logiciele\tps\tp4 - patrons de conception\tp4\msvc2017depart\tp4\x64\debug\test_tp4.obj
c:\users\sanya\documents\poly\a_ete_2019\log2410 - conception logiciele\tps\tp4 - patrons de conception\tp4\msvc2017depart\tp4\x64\debug\tablet.obj
c:\users\sanya\documents\poly\a_ete_2019\log2410 - conception logiciele\tps\tp4 - patrons de conception\tp4\msvc2017depart\tp4\x64\debug\table.obj
c:\users\sanya\documents\poly\a_ete_2019\log2410 - conception logiciele\tps\tp4 - patrons de conception\tp4\msvc2017depart\tp4\x64\debug\sofa.obj
c:\users\sanya\documents\poly\a_ete_2019\log2410 - conception logiciele\tps\tp4 - patrons de conception\tp4\msvc2017depart\tp4\x64\debug\sensor.obj
c:\users\sanya\documents\poly\a_ete_2019\log2410 - conception logiciele\tps\tp4 - patrons de conception\tp4\msvc2017depart\tp4\x64\debug\room.obj
c:\users\sanya\documents\poly\a_ete_2019\log2410 - conception logiciele\tps\tp4 - patrons de conception\tp4\msvc2017depart\tp4\x64\debug\robotproxy.obj
c:\users\sanya\documents\poly\a_ete_2019\log2410 - conception logiciele\tps\tp4 - patrons de conception\tp4\msvc2017depart\tp4\x64\debug\robot.obj
c:\users\sanya\documents\poly\a_ete_2019\log2410 - conception logiciele\tps\tp4 - patrons de conception\tp4\msvc2017depart\tp4\x64\debug\obstaclesdetectionvisitorcpp.obj
c:\users\sanya\documents\poly\a_ete_2019\log2410 - conception logiciele\tps\tp4 - patrons de conception\tp4\msvc2017depart\tp4\x64\debug\obstacledetectioncommand.obj
c:\users\sanya\documents\poly\a_ete_2019\log2410 - conception logiciele\tps\tp4 - patrons de conception\tp4\msvc2017depart\tp4\x64\debug\obstacle.obj
c:\users\sanya\documents\poly\a_ete_2019\log2410 - conception logiciele\tps\tp4 - patrons de conception\tp4\msvc2017depart\tp4\x64\debug\observable.obj
c:\users\sanya\documents\poly\a_ete_2019\log2410 - conception logiciele\tps\tp4 - patrons de conception\tp4\msvc2017depart\tp4\x64\debug\motor.obj
c:\users\sanya\documents\poly\a_ete_2019\log2410 - conception logiciele\tps\tp4 - patrons de conception\tp4\msvc2017depart\tp4\x64\debug\main.obj
c:\users\sanya\documents\poly\a_ete_2019\log2410 - conception logiciele\tps\tp4 - patrons de conception\tp4\msvc2017depart\tp4\x64\debug\house.obj
c:\users\sanya\documents\poly\a_ete_2019\log2410 - conception logiciele\tps\tp4 - patrons de conception\tp4\msvc2017depart\tp4\x64\debug\compositenode.obj
c:\users\sanya\documents\poly\a_ete_2019\log2410 - conception logiciele\tps\tp4 - patrons de conception\tp4\msvc2017depart\tp4\x64\debug\commandmanager.obj
c:\users\sanya\documents\poly\a_ete_2019\log2410 - conception logiciele\tps\tp4 - patrons de conception\tp4\msvc2017depart\tp4\x64\debug\chair.obj
c:\users\sanya\documents\poly\a_ete_2019\log2410 - conception logiciele\tps\tp4 - patrons de conception\tp4\msvc2017depart\tp4\x64\debug\vacuum.obj
c:\users\sanya\documents\poly\a_ete_2019\log2410 - conception logiciele\tps\tp4 - patrons de conception\tp4\msvc2017depart\tp4\x64\debug\tp4.exe
c:\users\sanya\documents\poly\a_ete_2019\log2410 - conception logiciele\tps\tp4 - patrons de conception\tp4\msvc2017depart\tp4\x64\debug\tp4.ilk
c:\users\sanya\documents\poly\a_ete_2019\log2410 - conception logiciele\tps\tp4 - patrons de conception\tp4\msvc2017depart\tp4\x64\debug\tp4.pdb
c:\users\sanya\documents\poly\a_ete_2019\log2410 - conception logiciele\tps\tp4 - patrons de conception\tp4\msvc2017depart\tp4\x64\debug\tp4.tlog\cl.command.1.tlog
c:\users\sanya\documents\poly\a_ete_2019\log2410 - conception logiciele\tps\tp4 - patrons de conception\tp4\msvc2017depart\tp4\x64\debug\tp4.tlog\cl.read.1.tlog
c:\users\sanya\documents\poly\a_ete_2019\log2410 - conception logiciele\tps\tp4 - patrons de conception\tp4\msvc2017depart\tp4\x64\debug\tp4.tlog\cl.write.1.tlog
c:\users\sanya\documents\poly\a_ete_2019\log2410 - conception logiciele\tps\tp4 - patrons de conception\tp4\msvc2017depart\tp4\x64\debug\tp4.tlog\link.command.1.tlog
c:\users\sanya\documents\poly\a_ete_2019\log2410 - conception logiciele\tps\tp4 - patrons de conception\tp4\msvc2017depart\tp4\x64\debug\tp4.tlog\link.read.1.tlog
c:\users\sanya\documents\poly\a_ete_2019\log2410 - conception logiciele\tps\tp4 - patrons de conception\tp4\msvc2017depart\tp4\x64\debug\tp4.tlog\link.write.1.tlog
